<?xml version="1.0" encoding="UTF-8"?>
<!-- Generated by org.testng.reporters.JUnitReportReporter -->
<testsuite hostname="PG02800H" failures="0" tests="3" name="com.orangehrm.OrangeHRM_Login_Parameters" time="27.901" errors="0" timestamp="2022-03-16T11:44:44 IST" skipped="0">
  <testcase classname="com.orangehrm.OrangeHRM_Login_Parameters" name="Login" time="9.165"/>
  <system-out/>
  <testcase classname="com.orangehrm.OrangeHRM_Login_Parameters" name="Login" time="9.416"/>
  <system-out/>
  <testcase classname="com.orangehrm.OrangeHRM_Login_Parameters" name="Login" time="9.320"/>
  <system-out/>
</testsuite> <!-- com.orangehrm.OrangeHRM_Login_Parameters -->
