<?xml version="1.0" encoding="UTF-8"?>
<!-- Generated by org.testng.reporters.JUnitReportReporter -->
<testsuite hostname="PG02800H" failures="0" tests="5" name="com.orangehrm.OrangeHRM_Login_Scenario" time="11.842" errors="0" timestamp="2022-03-16T10:39:18 IST" skipped="0">
  <testcase classname="com.orangehrm.OrangeHRM_Login_Scenario" name="LoginAllCases" time="0.230"/>
  <system-out/>
  <testcase classname="com.orangehrm.OrangeHRM_Login_Scenario" name="LoginAllCases" time="0.322"/>
  <system-out/>
  <testcase classname="com.orangehrm.OrangeHRM_Login_Scenario" name="LoginAllCases" time="1.641"/>
  <system-out/>
  <testcase classname="com.orangehrm.OrangeHRM_Login_Scenario" name="LoginAllCases" time="1.385"/>
  <system-out/>
  <testcase classname="com.orangehrm.OrangeHRM_Login_Scenario" name="LoginAllCases" time="8.264"/>
  <system-out/>
</testsuite> <!-- com.orangehrm.OrangeHRM_Login_Scenario -->
