<?xml version="1.0" encoding="UTF-8"?>
<!-- Generated by org.testng.reporters.JUnitReportReporter -->
<testsuite hostname="PG02800H" failures="0" tests="1" name="com.orangehrm.Read_Data_From_JSON_File" time="10.586" errors="0" timestamp="2022-03-22T09:57:13 IST" skipped="0">
  <testcase classname="com.orangehrm.Read_Data_From_JSON_File" name="Flight_Login" time="10.586"/>
  <system-out/>
</testsuite> <!-- com.orangehrm.Read_Data_From_JSON_File -->
