<?xml version="1.0" encoding="UTF-8"?>
<!-- Generated by org.testng.reporters.JUnitReportReporter -->
<testsuite hostname="PG02800H" failures="0" tests="1" name="com.orangehrm.OrangeHRM_TestNG_Login_Using_Xpath" time="5.397" errors="0" timestamp="2022-03-17T11:33:45 IST" skipped="0">
  <testcase classname="com.orangehrm.OrangeHRM_TestNG_Login_Using_Xpath" name="Login_Scenario" time="5.397"/>
  <system-out/>
</testsuite> <!-- com.orangehrm.OrangeHRM_TestNG_Login_Using_Xpath -->
