<?xml version="1.0" encoding="UTF-8"?>
<!-- Generated by org.testng.reporters.JUnitReportReporter -->
<testsuite hostname="PG02800H" failures="0" tests="1" name="com.orangehrm.Chrome_Headless_Browser" time="14.362" errors="0" timestamp="2022-03-22T11:13:02 IST" skipped="0">
  <testcase classname="com.orangehrm.Chrome_Headless_Browser" name="Chrome_Headless" time="14.362"/>
  <system-out/>
</testsuite> <!-- com.orangehrm.Chrome_Headless_Browser -->
