<?xml version="1.0" encoding="UTF-8"?>
<!-- Generated by org.testng.reporters.JUnitReportReporter -->
<testsuite hostname="PG02800H" failures="0" tests="1" name="com.orangehrm.OrangeHRM_TestNG" time="6.225" errors="0" timestamp="2022-03-21T10:17:08 IST" skipped="0">
  <testcase classname="com.orangehrm.OrangeHRM_TestNG" name="Login_Scenario" time="6.225"/>
  <system-out/>
</testsuite> <!-- com.orangehrm.OrangeHRM_TestNG -->
