<?xml version="1.0" encoding="UTF-8"?>
<!-- Generated by org.testng.reporters.JUnitReportReporter -->
<testsuite hostname="PG02800H" failures="0" tests="1" name="com.orangehrm.HDFC_NetBanking" time="11.158" errors="0" timestamp="2022-03-15T11:06:28 IST" skipped="0">
  <testcase classname="com.orangehrm.HDFC_NetBanking" name="Verify_Navigation_Command" time="11.158"/>
  <system-out/>
</testsuite> <!-- com.orangehrm.HDFC_NetBanking -->
