<?xml version="1.0" encoding="UTF-8"?>
<!-- Generated by org.testng.reporters.JUnitReportReporter -->
<testsuite hostname="PG02800H" failures="0" tests="1" name="com.orangehrm.NavigateAllLinks" time="52.717" errors="0" timestamp="2022-03-24T11:52:53 IST" skipped="0">
  <testcase classname="com.orangehrm.NavigateAllLinks" name="navigateToAllLinks" time="52.717"/>
  <system-out/>
</testsuite> <!-- com.orangehrm.NavigateAllLinks -->
