<?xml version="1.0" encoding="UTF-8"?>
<!-- Generated by org.testng.reporters.JUnitReportReporter -->
<testsuite hostname="PG02800H" failures="0" tests="1" name="com.orangehrm.OrangeHRM_Navigate_Command" time="16.314" errors="0" timestamp="2022-03-17T11:33:45 IST" skipped="0">
  <testcase classname="com.orangehrm.OrangeHRM_Navigate_Command" name="Verify_Navigation_Command" time="16.314"/>
  <system-out/>
</testsuite> <!-- com.orangehrm.OrangeHRM_Navigate_Command -->
