<?xml version="1.0" encoding="UTF-8"?>
<!-- Generated by org.testng.reporters.JUnitReportReporter -->
<testsuite hostname="PG02800H" failures="0" tests="3" name="com.orangehrm.Alert_Example" time="35.645" errors="0" timestamp="2022-03-15T13:32:27 IST" skipped="0">
  <testcase classname="com.orangehrm.Alert_Example" name="ClickForJSAlert" time="12.167"/>
  <system-out/>
  <testcase classname="com.orangehrm.Alert_Example" name="ClickForJSConfirm" time="10.222"/>
  <system-out/>
  <testcase classname="com.orangehrm.Alert_Example" name="ClickForJSPrompt" time="13.256"/>
  <system-out/>
</testsuite> <!-- com.orangehrm.Alert_Example -->
