<?xml version="1.0" encoding="UTF-8"?>
<!-- Generated by org.testng.reporters.JUnitReportReporter -->
<testsuite hostname="PG02800H" failures="0" tests="2" name="com.orangehrm.OrangeHRM_TestNG_Priority" time="8.516" errors="0" timestamp="2022-03-17T11:33:45 IST" skipped="0">
  <testcase classname="com.orangehrm.OrangeHRM_TestNG_Priority" name="b_Login_Scenario" time="5.159"/>
  <system-out/>
  <testcase classname="com.orangehrm.OrangeHRM_TestNG_Priority" name="a_Logout_Scenario" time="3.357"/>
  <system-out/>
</testsuite> <!-- com.orangehrm.OrangeHRM_TestNG_Priority -->
