<?xml version="1.0" encoding="UTF-8"?>
<!-- Generated by org.testng.reporters.JUnitReportReporter -->
<testsuite hostname="PG02800H" failures="0" tests="3" name="com.orangehrm.AddUser_VerifyAdded_User_in_WebTable" time="23.367" errors="0" timestamp="2022-03-23T09:39:17 IST" skipped="0">
  <testcase classname="com.orangehrm.AddUser_VerifyAdded_User_in_WebTable" name="Login" time="6.592"/>
  <system-out/>
  <testcase classname="com.orangehrm.AddUser_VerifyAdded_User_in_WebTable" name="Add_User" time="12.903"/>
  <system-out/>
  <testcase classname="com.orangehrm.AddUser_VerifyAdded_User_in_WebTable" name="Logout" time="3.872"/>
  <system-out/>
</testsuite> <!-- com.orangehrm.AddUser_VerifyAdded_User_in_WebTable -->
