<?xml version="1.0" encoding="UTF-8"?>
<!-- Generated by org.testng.reporters.JUnitReportReporter -->
<testsuite hostname="PG02800H" failures="0" tests="1" name="com.orangehrm.HDFC_NetBanking_Alert_Example" time="10.371" errors="0" timestamp="2022-03-21T10:14:18 IST" skipped="0">
  <testcase classname="com.orangehrm.HDFC_NetBanking_Alert_Example" name="Verify_Navigation_Command" time="10.371"/>
  <system-out/>
</testsuite> <!-- com.orangehrm.HDFC_NetBanking_Alert_Example -->
