<?xml version="1.0" encoding="UTF-8"?>
<!-- Generated by org.testng.reporters.JUnitReportReporter -->
<testsuite hostname="PG02800H" failures="0" tests="3" name="com.orangehrm.OrangeHRM_DataDriverTesting_Using_Excel" time="20.973" errors="0" timestamp="2022-03-21T11:53:23 IST" skipped="0">
  <testcase classname="com.orangehrm.OrangeHRM_DataDriverTesting_Using_Excel" name="Login_Valid_Scenario" time="6.636"/>
  <system-out/>
  <testcase classname="com.orangehrm.OrangeHRM_DataDriverTesting_Using_Excel" name="Login_Valid_Scenario" time="8.377"/>
  <system-out/>
  <testcase classname="com.orangehrm.OrangeHRM_DataDriverTesting_Using_Excel" name="Login_Valid_Scenario" time="5.960"/>
  <system-out/>
</testsuite> <!-- com.orangehrm.OrangeHRM_DataDriverTesting_Using_Excel -->
