<?xml version="1.0" encoding="UTF-8"?>
<!-- Generated by org.testng.reporters.JUnitReportReporter -->
<testsuite hostname="PG02800H" failures="0" tests="4" name="com.orangehrm.OrangeHRM_DataDriverTesting_Using_Data_Provider" time="23.098" errors="0" timestamp="2022-03-16T09:54:17 IST" skipped="0">
  <testcase classname="com.orangehrm.OrangeHRM_DataDriverTesting_Using_Data_Provider" name="Login_Valid_Scenario" time="5.149"/>
  <system-out/>
  <testcase classname="com.orangehrm.OrangeHRM_DataDriverTesting_Using_Data_Provider" name="Login_Valid_Scenario" time="7.778"/>
  <system-out/>
  <testcase classname="com.orangehrm.OrangeHRM_DataDriverTesting_Using_Data_Provider" name="Login_Valid_Scenario" time="5.233"/>
  <system-out/>
  <testcase classname="com.orangehrm.OrangeHRM_DataDriverTesting_Using_Data_Provider" name="Login_Valid_Scenario" time="4.938"/>
  <system-out/>
</testsuite> <!-- com.orangehrm.OrangeHRM_DataDriverTesting_Using_Data_Provider -->
