<?xml version="1.0" encoding="UTF-8"?>
<!-- Generated by org.testng.reporters.JUnitReportReporter -->
<testsuite hostname="PG02800H" failures="0" tests="1" name="com.orangehrm.Smoke_Suite" time="0.019" errors="0" timestamp="2022-03-17T11:33:45 IST" skipped="0">
  <testcase classname="com.orangehrm.Smoke_Suite" name="Smoke_Batch_Execution" time="0.019"/>
  <system-out/>
</testsuite> <!-- com.orangehrm.Smoke_Suite -->
