<?xml version="1.0" encoding="UTF-8"?>
<!-- Generated by org.testng.reporters.JUnitReportReporter -->
<testsuite hostname="PG02800H" failures="0" tests="3" name="com.orangehrm.Delete_AllUsers_WithSameName" time="19.863" errors="0" timestamp="2022-03-24T10:19:57 IST" skipped="0">
  <testcase classname="com.orangehrm.Delete_AllUsers_WithSameName" name="Employeelist" time="1.530"/>
  <system-out/>
  <testcase classname="com.orangehrm.Delete_AllUsers_WithSameName" name="Add_Employee" time="10.950"/>
  <system-out/>
  <testcase classname="com.orangehrm.Delete_AllUsers_WithSameName" name="Delete_Employees" time="7.383"/>
  <system-out/>
</testsuite> <!-- com.orangehrm.Delete_AllUsers_WithSameName -->
