<?xml version="1.0" encoding="UTF-8"?>
<!-- Generated by org.testng.reporters.JUnitReportReporter -->
<testsuite hostname="PG02800H" failures="0" tests="1" name="com.orangehrm.Pagination_Example" time="37.729" errors="0" timestamp="2022-03-24T11:06:39 IST" skipped="0">
  <testcase classname="com.orangehrm.Pagination_Example" name="Pagination_Example" time="37.729"/>
  <system-out/>
</testsuite> <!-- com.orangehrm.Pagination_Example -->
