<?xml version="1.0" encoding="UTF-8"?>
<!-- Generated by org.testng.reporters.JUnitReportReporter -->
<testsuite hostname="PG02800H" failures="0" tests="3" name="com.orangehrm.Delete_User_BasedOnUsername_UserRole" time="29.998" errors="0" timestamp="2022-03-24T09:23:55 IST" skipped="0">
  <testcase classname="com.orangehrm.Delete_User_BasedOnUsername_UserRole" name="Login" time="7.026"/>
  <system-out/>
  <testcase classname="com.orangehrm.Delete_User_BasedOnUsername_UserRole" name="Add_User" time="19.067"/>
  <system-out/>
  <testcase classname="com.orangehrm.Delete_User_BasedOnUsername_UserRole" name="Logout" time="3.905"/>
  <system-out/>
</testsuite> <!-- com.orangehrm.Delete_User_BasedOnUsername_UserRole -->
