<?xml version="1.0" encoding="UTF-8"?>
<!-- Generated by org.testng.reporters.JUnitReportReporter -->
<testsuite hostname="PG02800H" failures="0" tests="1" name="com.orangehrm.Yatra_MouseOver_Example" time="19.551" errors="0" timestamp="2022-03-22T12:02:09 IST" skipped="0">
  <testcase classname="com.orangehrm.Yatra_MouseOver_Example" name="MouseHoverYatra" time="19.551"/>
  <system-out/>
</testsuite> <!-- com.orangehrm.Yatra_MouseOver_Example -->
