<?xml version="1.0" encoding="UTF-8"?>
<!-- Generated by org.testng.reporters.JUnitReportReporter -->
<testsuite hostname="PG02800H" failures="0" tests="3" name="com.orangehrm.Delete_User_Verify_User_Got_Deleted_in_WebTable" time="29.435" errors="0" timestamp="2022-03-23T10:33:25 IST" skipped="0">
  <testcase classname="com.orangehrm.Delete_User_Verify_User_Got_Deleted_in_WebTable" name="Login" time="6.615"/>
  <system-out/>
  <testcase classname="com.orangehrm.Delete_User_Verify_User_Got_Deleted_in_WebTable" name="Add_User" time="18.835"/>
  <system-out/>
  <testcase classname="com.orangehrm.Delete_User_Verify_User_Got_Deleted_in_WebTable" name="Logout" time="3.985"/>
  <system-out/>
</testsuite> <!-- com.orangehrm.Delete_User_Verify_User_Got_Deleted_in_WebTable -->
