<?xml version="1.0" encoding="UTF-8"?>
<!-- Generated by org.testng.reporters.JUnitReportReporter -->
<testsuite hostname="PG02800H" failures="0" tests="2" name="com.orangehrm.WebOrders_E2E_Scenarios" time="14.155" errors="0" timestamp="2022-03-23T12:16:45 IST" skipped="0">
  <testcase classname="com.orangehrm.WebOrders_E2E_Scenarios" name="Login_WebOrder" time="7.375"/>
  <system-out/>
  <testcase classname="com.orangehrm.WebOrders_E2E_Scenarios" name="CreateOrder_UpdateOrder_DeleteOrder" time="6.780"/>
  <system-out/>
</testsuite> <!-- com.orangehrm.WebOrders_E2E_Scenarios -->
