<?xml version="1.0" encoding="UTF-8"?>
<!-- Generated by org.testng.reporters.JUnitReportReporter -->
<testsuite hostname="PG02800H" failures="0" tests="3" name="com.orangehrm.Select_CheckBox_Example" time="20.358" errors="0" timestamp="2022-03-22T11:27:58 IST" skipped="0">
  <testcase classname="com.orangehrm.Select_CheckBox_Example" name="Login" time="8.235"/>
  <system-out/>
  <testcase classname="com.orangehrm.Select_CheckBox_Example" name="Leave" time="7.773"/>
  <system-out/>
  <testcase classname="com.orangehrm.Select_CheckBox_Example" name="Logout" time="4.350"/>
  <system-out/>
</testsuite> <!-- com.orangehrm.Select_CheckBox_Example -->
